<?xml version="1.0" encoding="UTF-8"?>
<coverage generated="1716660388827" clover="3.2.0">
  <project timestamp="1716660388827" name="All files">
    <metrics statements="20" coveredstatements="18" conditionals="4" coveredconditionals="2" methods="9" coveredmethods="8" elements="33" coveredelements="28" complexity="0" loc="20" ncloc="20" packages="1" files="5" classes="5"/>
    <file name="isPalindrome.js" path="/Users/robertwatson/Code/jest-test/isPalindrome.js">
      <metrics statements="2" coveredstatements="2" conditionals="0" coveredconditionals="0" methods="1" coveredmethods="1"/>
      <line num="3" count="1" type="stmt"/>
      <line num="4" count="2" type="stmt"/>
    </file>
    <file name="reverseString.js" path="/Users/robertwatson/Code/jest-test/reverseString.js">
      <metrics statements="4" coveredstatements="3" conditionals="0" coveredconditionals="0" methods="2" coveredmethods="1"/>
      <line num="1" count="2" type="stmt"/>
      <line num="2" count="0" type="stmt"/>
      <line num="6" count="2" type="stmt"/>
      <line num="7" count="3" type="stmt"/>
    </file>
    <file name="shallowObjClone.js" path="/Users/robertwatson/Code/jest-test/shallowObjClone.js">
      <metrics statements="2" coveredstatements="2" conditionals="0" coveredconditionals="0" methods="1" coveredmethods="1"/>
      <line num="1" count="1" type="stmt"/>
      <line num="2" count="1" type="stmt"/>
    </file>
    <file name="stackDict.js" path="/Users/robertwatson/Code/jest-test/stackDict.js">
      <metrics statements="11" coveredstatements="10" conditionals="4" coveredconditionals="2" methods="4" coveredmethods="4"/>
      <line num="5" count="3" type="stmt"/>
      <line num="6" count="3" type="stmt"/>
      <line num="10" count="2" type="cond" truecount="1" falsecount="1"/>
      <line num="14" count="3" type="stmt"/>
      <line num="15" count="3" type="stmt"/>
      <line num="19" count="1" type="cond" truecount="1" falsecount="1"/>
      <line num="20" count="0" type="stmt"/>
      <line num="23" count="1" type="stmt"/>
      <line num="24" count="1" type="stmt"/>
      <line num="25" count="1" type="stmt"/>
      <line num="26" count="1" type="stmt"/>
    </file>
    <file name="sum.js" path="/Users/robertwatson/Code/jest-test/sum.js">
      <metrics statements="1" coveredstatements="1" conditionals="0" coveredconditionals="0" methods="1" coveredmethods="1"/>
      <line num="2" count="1" type="stmt"/>
    </file>
  </project>
</coverage>
