TN:
SF:isPalindrome.js
FN:3,(anonymous_0)
FNF:1
FNH:1
FNDA:2,(anonymous_0)
DA:3,1
DA:4,2
LF:2
LH:2
BRF:0
BRH:0
end_of_record
TN:
SF:reverseString.js
FN:1,(anonymous_0)
FN:6,(anonymous_1)
FNF:2
FNH:1
FNDA:0,(anonymous_0)
FNDA:3,(anonymous_1)
DA:1,2
DA:2,0
DA:6,2
DA:7,3
LF:4
LH:3
BRF:0
BRH:0
end_of_record
TN:
SF:shallowObjClone.js
FN:1,(anonymous_0)
FNF:1
FNH:1
FNDA:1,(anonymous_0)
DA:1,1
DA:2,1
LF:2
LH:2
BRF:0
BRH:0
end_of_record
TN:
SF:stackDict.js
FN:4,(anonymous_0)
FN:9,(anonymous_1)
FN:13,(anonymous_2)
FN:18,(anonymous_3)
FNF:4
FNH:4
FNDA:3,(anonymous_0)
FNDA:2,(anonymous_1)
FNDA:3,(anonymous_2)
FNDA:1,(anonymous_3)
DA:5,3
DA:6,3
DA:10,2
DA:14,3
DA:15,3
DA:19,1
DA:20,0
DA:23,1
DA:24,1
DA:25,1
DA:26,1
LF:11
LH:10
BRDA:10,0,0,2
BRDA:10,0,1,0
BRDA:19,1,0,0
BRDA:19,1,1,1
BRF:4
BRH:2
end_of_record
TN:
SF:sum.js
FN:1,sum
FNF:1
FNH:1
FNDA:1,sum
DA:2,1
LF:1
LH:1
BRF:0
BRH:0
end_of_record
